<?xml version="1.0" encoding="UTF-8" ?>
<testsuite failures="0" time="0.003" errors="5" skipped="0" tests="5" name="service.MechBayUnitTest">
  <properties>
[...]
</properties>
  <testcase time="0.001" classname="service.MechBayUnitTest" name="canAssembleCenterTorso">
    <error message="Unresolved compilation problems: 
	The import enums.ItemType cannot be resolved
	The method getInternalArmorforTemplate(MechClass, ChassisComponent) in the type ArmorService is not applicable for the arguments (MechClass, ComponentType)
	ItemType cannot be resolved to a variable
	ItemType cannot be resolved to a variable
	The method getInternalArmorforTemplate(MechClass, ChassisComponent) in the type ArmorService is not applicable for the arguments (MechClass, ComponentType)
	ItemType cannot be resolved to a variable
	ItemType cannot be resolved to a variable
	The method getInternalArmorforTemplate(MechClass, ChassisComponent) in the type ArmorService is not applicable for the arguments (MechClass, ComponentType)
	ItemType cannot be resolved to a variable
	ItemType cannot be resolved to a variable
	The method getInternalArmorforTemplate(MechClass, ChassisComponent) in the type ArmorService is not applicable for the arguments (MechClass, ComponentType)
	ItemType cannot be resolved to a variable
	ItemType cannot be resolved to a variable
	ItemType cannot be resolved to a variable
	ItemType cannot be resolved to a variable
	ItemType cannot be resolved to a variable
	ItemType cannot be resolved to a variable
" type="java.lang.Error">java.lang.Error: Unresolved compilation problems: 
	The import enums.ItemType cannot be resolved
	The method getInternalArmorforTemplate(MechClass, ChassisComponent) in the type ArmorService is not applicable for the arguments (MechClass, ComponentType)
	ItemType cannot be resolved to a variable
	ItemType cannot be resolved to a variable
	The method getInternalArmorforTemplate(MechClass, ChassisComponent) in the type ArmorService is not applicable for the arguments (MechClass, ComponentType)
	ItemType cannot be resolved to a variable
	ItemType cannot be resolved to a variable
	The method getInternalArmorforTemplate(MechClass, ChassisComponent) in the type ArmorService is not applicable for the arguments (MechClass, ComponentType)
	ItemType cannot be resolved to a variable
	ItemType cannot be resolved to a variable
	The method getInternalArmorforTemplate(MechClass, ChassisComponent) in the type ArmorService is not applicable for the arguments (MechClass, ComponentType)
	ItemType cannot be resolved to a variable
	ItemType cannot be resolved to a variable
	ItemType cannot be resolved to a variable
	ItemType cannot be resolved to a variable
	ItemType cannot be resolved to a variable
	ItemType cannot be resolved to a variable

	at service.MechBayUnitTest.&lt;init&gt;(MechBayUnitTest.java:20)
	at sun.reflect.NativeConstructorAccessorImpl.newInstance0(Native Method)
	at java.lang.reflect.Constructor.newInstance(Constructor.java:526)
	at sun.reflect.NativeMethodAccessorImpl.invoke0(Native Method)
	at java.lang.reflect.Method.invoke(Method.java:606)
	at sun.reflect.NativeMethodAccessorImpl.invoke0(Native Method)
	at java.lang.reflect.Method.invoke(Method.java:606)
	at org.apache.maven.surefire.junit4.JUnit4Provider.execute(JUnit4Provider.java:252)
	at org.apache.maven.surefire.junit4.JUnit4Provider.executeTestSet(JUnit4Provider.java:141)
	at org.apache.maven.surefire.junit4.JUnit4Provider.invoke(JUnit4Provider.java:112)
	at sun.reflect.NativeMethodAccessorImpl.invoke0(Native Method)
	at java.lang.reflect.Method.invoke(Method.java:606)
	at org.apache.maven.surefire.util.ReflectionUtils.invokeMethodWithArray(ReflectionUtils.java:189)
	at org.apache.maven.surefire.booter.ProviderFactory$ProviderProxy.invoke(ProviderFactory.java:165)
	at org.apache.maven.surefire.booter.ProviderFactory.invokeProvider(ProviderFactory.java:85)
	at org.apache.maven.surefire.booter.ForkedBooter.runSuitesInProcess(ForkedBooter.java:115)
	at org.apache.maven.surefire.booter.ForkedBooter.main(ForkedBooter.java:75)
</error>
  </testcase>
  <testcase time="0" classname="service.MechBayUnitTest" name="canAssembleMediumHead">
    <error message="Unresolved compilation problems: 
	The import enums.ItemType cannot be resolved
	The method getInternalArmorforTemplate(MechClass, ChassisComponent) in the type ArmorService is not applicable for the arguments (MechClass, ComponentType)
	ItemType cannot be resolved to a variable
	ItemType cannot be resolved to a variable
	The method getInternalArmorforTemplate(MechClass, ChassisComponent) in the type ArmorService is not applicable for the arguments (MechClass, ComponentType)
	ItemType cannot be resolved to a variable
	ItemType cannot be resolved to a variable
	The method getInternalArmorforTemplate(MechClass, ChassisComponent) in the type ArmorService is not applicable for the arguments (MechClass, ComponentType)
	ItemType cannot be resolved to a variable
	ItemType cannot be resolved to a variable
	The method getInternalArmorforTemplate(MechClass, ChassisComponent) in the type ArmorService is not applicable for the arguments (MechClass, ComponentType)
	ItemType cannot be resolved to a variable
	ItemType cannot be resolved to a variable
	ItemType cannot be resolved to a variable
	ItemType cannot be resolved to a variable
	ItemType cannot be resolved to a variable
	ItemType cannot be resolved to a variable
" type="java.lang.Error">java.lang.Error: Unresolved compilation problems: 
	The import enums.ItemType cannot be resolved
	The method getInternalArmorforTemplate(MechClass, ChassisComponent) in the type ArmorService is not applicable for the arguments (MechClass, ComponentType)
	ItemType cannot be resolved to a variable
	ItemType cannot be resolved to a variable
	The method getInternalArmorforTemplate(MechClass, ChassisComponent) in the type ArmorService is not applicable for the arguments (MechClass, ComponentType)
	ItemType cannot be resolved to a variable
	ItemType cannot be resolved to a variable
	The method getInternalArmorforTemplate(MechClass, ChassisComponent) in the type ArmorService is not applicable for the arguments (MechClass, ComponentType)
	ItemType cannot be resolved to a variable
	ItemType cannot be resolved to a variable
	The method getInternalArmorforTemplate(MechClass, ChassisComponent) in the type ArmorService is not applicable for the arguments (MechClass, ComponentType)
	ItemType cannot be resolved to a variable
	ItemType cannot be resolved to a variable
	ItemType cannot be resolved to a variable
	ItemType cannot be resolved to a variable
	ItemType cannot be resolved to a variable
	ItemType cannot be resolved to a variable

	at service.MechBayUnitTest.&lt;init&gt;(MechBayUnitTest.java:20)
	at sun.reflect.NativeConstructorAccessorImpl.newInstance0(Native Method)
	at java.lang.reflect.Constructor.newInstance(Constructor.java:526)
	at sun.reflect.NativeMethodAccessorImpl.invoke0(Native Method)
	at java.lang.reflect.Method.invoke(Method.java:606)
	at sun.reflect.NativeMethodAccessorImpl.invoke0(Native Method)
	at java.lang.reflect.Method.invoke(Method.java:606)
	at org.apache.maven.surefire.junit4.JUnit4Provider.execute(JUnit4Provider.java:252)
	at org.apache.maven.surefire.junit4.JUnit4Provider.executeTestSet(JUnit4Provider.java:141)
	at org.apache.maven.surefire.junit4.JUnit4Provider.invoke(JUnit4Provider.java:112)
	at sun.reflect.NativeMethodAccessorImpl.invoke0(Native Method)
	at java.lang.reflect.Method.invoke(Method.java:606)
	at org.apache.maven.surefire.util.ReflectionUtils.invokeMethodWithArray(ReflectionUtils.java:189)
	at org.apache.maven.surefire.booter.ProviderFactory$ProviderProxy.invoke(ProviderFactory.java:165)
	at org.apache.maven.surefire.booter.ProviderFactory.invokeProvider(ProviderFactory.java:85)
	at org.apache.maven.surefire.booter.ForkedBooter.runSuitesInProcess(ForkedBooter.java:115)
	at org.apache.maven.surefire.booter.ForkedBooter.main(ForkedBooter.java:75)
</error>
  </testcase>
  <testcase time="0" classname="service.MechBayUnitTest" name="canAssembleMediumRightArm">
    <error message="Unresolved compilation problems: 
	The import enums.ItemType cannot be resolved
	The method getInternalArmorforTemplate(MechClass, ChassisComponent) in the type ArmorService is not applicable for the arguments (MechClass, ComponentType)
	ItemType cannot be resolved to a variable
	ItemType cannot be resolved to a variable
	The method getInternalArmorforTemplate(MechClass, ChassisComponent) in the type ArmorService is not applicable for the arguments (MechClass, ComponentType)
	ItemType cannot be resolved to a variable
	ItemType cannot be resolved to a variable
	The method getInternalArmorforTemplate(MechClass, ChassisComponent) in the type ArmorService is not applicable for the arguments (MechClass, ComponentType)
	ItemType cannot be resolved to a variable
	ItemType cannot be resolved to a variable
	The method getInternalArmorforTemplate(MechClass, ChassisComponent) in the type ArmorService is not applicable for the arguments (MechClass, ComponentType)
	ItemType cannot be resolved to a variable
	ItemType cannot be resolved to a variable
	ItemType cannot be resolved to a variable
	ItemType cannot be resolved to a variable
	ItemType cannot be resolved to a variable
	ItemType cannot be resolved to a variable
" type="java.lang.Error">java.lang.Error: Unresolved compilation problems: 
	The import enums.ItemType cannot be resolved
	The method getInternalArmorforTemplate(MechClass, ChassisComponent) in the type ArmorService is not applicable for the arguments (MechClass, ComponentType)
	ItemType cannot be resolved to a variable
	ItemType cannot be resolved to a variable
	The method getInternalArmorforTemplate(MechClass, ChassisComponent) in the type ArmorService is not applicable for the arguments (MechClass, ComponentType)
	ItemType cannot be resolved to a variable
	ItemType cannot be resolved to a variable
	The method getInternalArmorforTemplate(MechClass, ChassisComponent) in the type ArmorService is not applicable for the arguments (MechClass, ComponentType)
	ItemType cannot be resolved to a variable
	ItemType cannot be resolved to a variable
	The method getInternalArmorforTemplate(MechClass, ChassisComponent) in the type ArmorService is not applicable for the arguments (MechClass, ComponentType)
	ItemType cannot be resolved to a variable
	ItemType cannot be resolved to a variable
	ItemType cannot be resolved to a variable
	ItemType cannot be resolved to a variable
	ItemType cannot be resolved to a variable
	ItemType cannot be resolved to a variable

	at service.MechBayUnitTest.&lt;init&gt;(MechBayUnitTest.java:20)
	at sun.reflect.NativeConstructorAccessorImpl.newInstance0(Native Method)
	at java.lang.reflect.Constructor.newInstance(Constructor.java:526)
	at sun.reflect.NativeMethodAccessorImpl.invoke0(Native Method)
	at java.lang.reflect.Method.invoke(Method.java:606)
	at sun.reflect.NativeMethodAccessorImpl.invoke0(Native Method)
	at java.lang.reflect.Method.invoke(Method.java:606)
	at org.apache.maven.surefire.junit4.JUnit4Provider.execute(JUnit4Provider.java:252)
	at org.apache.maven.surefire.junit4.JUnit4Provider.executeTestSet(JUnit4Provider.java:141)
	at org.apache.maven.surefire.junit4.JUnit4Provider.invoke(JUnit4Provider.java:112)
	at sun.reflect.NativeMethodAccessorImpl.invoke0(Native Method)
	at java.lang.reflect.Method.invoke(Method.java:606)
	at org.apache.maven.surefire.util.ReflectionUtils.invokeMethodWithArray(ReflectionUtils.java:189)
	at org.apache.maven.surefire.booter.ProviderFactory$ProviderProxy.invoke(ProviderFactory.java:165)
	at org.apache.maven.surefire.booter.ProviderFactory.invokeProvider(ProviderFactory.java:85)
	at org.apache.maven.surefire.booter.ForkedBooter.runSuitesInProcess(ForkedBooter.java:115)
	at org.apache.maven.surefire.booter.ForkedBooter.main(ForkedBooter.java:75)
</error>
  </testcase>
  <testcase time="0.001" classname="service.MechBayUnitTest" name="canAssembleMediumLeftLeg">
    <error message="Unresolved compilation problems: 
	The import enums.ItemType cannot be resolved
	The method getInternalArmorforTemplate(MechClass, ChassisComponent) in the type ArmorService is not applicable for the arguments (MechClass, ComponentType)
	ItemType cannot be resolved to a variable
	ItemType cannot be resolved to a variable
	The method getInternalArmorforTemplate(MechClass, ChassisComponent) in the type ArmorService is not applicable for the arguments (MechClass, ComponentType)
	ItemType cannot be resolved to a variable
	ItemType cannot be resolved to a variable
	The method getInternalArmorforTemplate(MechClass, ChassisComponent) in the type ArmorService is not applicable for the arguments (MechClass, ComponentType)
	ItemType cannot be resolved to a variable
	ItemType cannot be resolved to a variable
	The method getInternalArmorforTemplate(MechClass, ChassisComponent) in the type ArmorService is not applicable for the arguments (MechClass, ComponentType)
	ItemType cannot be resolved to a variable
	ItemType cannot be resolved to a variable
	ItemType cannot be resolved to a variable
	ItemType cannot be resolved to a variable
	ItemType cannot be resolved to a variable
	ItemType cannot be resolved to a variable
" type="java.lang.Error">java.lang.Error: Unresolved compilation problems: 
	The import enums.ItemType cannot be resolved
	The method getInternalArmorforTemplate(MechClass, ChassisComponent) in the type ArmorService is not applicable for the arguments (MechClass, ComponentType)
	ItemType cannot be resolved to a variable
	ItemType cannot be resolved to a variable
	The method getInternalArmorforTemplate(MechClass, ChassisComponent) in the type ArmorService is not applicable for the arguments (MechClass, ComponentType)
	ItemType cannot be resolved to a variable
	ItemType cannot be resolved to a variable
	The method getInternalArmorforTemplate(MechClass, ChassisComponent) in the type ArmorService is not applicable for the arguments (MechClass, ComponentType)
	ItemType cannot be resolved to a variable
	ItemType cannot be resolved to a variable
	The method getInternalArmorforTemplate(MechClass, ChassisComponent) in the type ArmorService is not applicable for the arguments (MechClass, ComponentType)
	ItemType cannot be resolved to a variable
	ItemType cannot be resolved to a variable
	ItemType cannot be resolved to a variable
	ItemType cannot be resolved to a variable
	ItemType cannot be resolved to a variable
	ItemType cannot be resolved to a variable

	at service.MechBayUnitTest.&lt;init&gt;(MechBayUnitTest.java:20)
	at sun.reflect.NativeConstructorAccessorImpl.newInstance0(Native Method)
	at java.lang.reflect.Constructor.newInstance(Constructor.java:526)
	at sun.reflect.NativeMethodAccessorImpl.invoke0(Native Method)
	at java.lang.reflect.Method.invoke(Method.java:606)
	at sun.reflect.NativeMethodAccessorImpl.invoke0(Native Method)
	at java.lang.reflect.Method.invoke(Method.java:606)
	at org.apache.maven.surefire.junit4.JUnit4Provider.execute(JUnit4Provider.java:252)
	at org.apache.maven.surefire.junit4.JUnit4Provider.executeTestSet(JUnit4Provider.java:141)
	at org.apache.maven.surefire.junit4.JUnit4Provider.invoke(JUnit4Provider.java:112)
	at sun.reflect.NativeMethodAccessorImpl.invoke0(Native Method)
	at java.lang.reflect.Method.invoke(Method.java:606)
	at org.apache.maven.surefire.util.ReflectionUtils.invokeMethodWithArray(ReflectionUtils.java:189)
	at org.apache.maven.surefire.booter.ProviderFactory$ProviderProxy.invoke(ProviderFactory.java:165)
	at org.apache.maven.surefire.booter.ProviderFactory.invokeProvider(ProviderFactory.java:85)
	at org.apache.maven.surefire.booter.ForkedBooter.runSuitesInProcess(ForkedBooter.java:115)
	at org.apache.maven.surefire.booter.ForkedBooter.main(ForkedBooter.java:75)
</error>
  </testcase>
  <testcase time="0.001" classname="service.MechBayUnitTest" name="canAssembleMech">
    <error message="Unresolved compilation problems: 
	The import enums.ItemType cannot be resolved
	The method getInternalArmorforTemplate(MechClass, ChassisComponent) in the type ArmorService is not applicable for the arguments (MechClass, ComponentType)
	ItemType cannot be resolved to a variable
	ItemType cannot be resolved to a variable
	The method getInternalArmorforTemplate(MechClass, ChassisComponent) in the type ArmorService is not applicable for the arguments (MechClass, ComponentType)
	ItemType cannot be resolved to a variable
	ItemType cannot be resolved to a variable
	The method getInternalArmorforTemplate(MechClass, ChassisComponent) in the type ArmorService is not applicable for the arguments (MechClass, ComponentType)
	ItemType cannot be resolved to a variable
	ItemType cannot be resolved to a variable
	The method getInternalArmorforTemplate(MechClass, ChassisComponent) in the type ArmorService is not applicable for the arguments (MechClass, ComponentType)
	ItemType cannot be resolved to a variable
	ItemType cannot be resolved to a variable
	ItemType cannot be resolved to a variable
	ItemType cannot be resolved to a variable
	ItemType cannot be resolved to a variable
	ItemType cannot be resolved to a variable
" type="java.lang.Error">java.lang.Error: Unresolved compilation problems: 
	The import enums.ItemType cannot be resolved
	The method getInternalArmorforTemplate(MechClass, ChassisComponent) in the type ArmorService is not applicable for the arguments (MechClass, ComponentType)
	ItemType cannot be resolved to a variable
	ItemType cannot be resolved to a variable
	The method getInternalArmorforTemplate(MechClass, ChassisComponent) in the type ArmorService is not applicable for the arguments (MechClass, ComponentType)
	ItemType cannot be resolved to a variable
	ItemType cannot be resolved to a variable
	The method getInternalArmorforTemplate(MechClass, ChassisComponent) in the type ArmorService is not applicable for the arguments (MechClass, ComponentType)
	ItemType cannot be resolved to a variable
	ItemType cannot be resolved to a variable
	The method getInternalArmorforTemplate(MechClass, ChassisComponent) in the type ArmorService is not applicable for the arguments (MechClass, ComponentType)
	ItemType cannot be resolved to a variable
	ItemType cannot be resolved to a variable
	ItemType cannot be resolved to a variable
	ItemType cannot be resolved to a variable
	ItemType cannot be resolved to a variable
	ItemType cannot be resolved to a variable

	at service.MechBayUnitTest.&lt;init&gt;(MechBayUnitTest.java:20)
	at sun.reflect.NativeConstructorAccessorImpl.newInstance0(Native Method)
	at java.lang.reflect.Constructor.newInstance(Constructor.java:526)
	at sun.reflect.NativeMethodAccessorImpl.invoke0(Native Method)
	at java.lang.reflect.Method.invoke(Method.java:606)
	at sun.reflect.NativeMethodAccessorImpl.invoke0(Native Method)
	at java.lang.reflect.Method.invoke(Method.java:606)
	at org.apache.maven.surefire.junit4.JUnit4Provider.execute(JUnit4Provider.java:252)
	at org.apache.maven.surefire.junit4.JUnit4Provider.executeTestSet(JUnit4Provider.java:141)
	at org.apache.maven.surefire.junit4.JUnit4Provider.invoke(JUnit4Provider.java:112)
	at sun.reflect.NativeMethodAccessorImpl.invoke0(Native Method)
	at java.lang.reflect.Method.invoke(Method.java:606)
	at org.apache.maven.surefire.util.ReflectionUtils.invokeMethodWithArray(ReflectionUtils.java:189)
	at org.apache.maven.surefire.booter.ProviderFactory$ProviderProxy.invoke(ProviderFactory.java:165)
	at org.apache.maven.surefire.booter.ProviderFactory.invokeProvider(ProviderFactory.java:85)
	at org.apache.maven.surefire.booter.ForkedBooter.runSuitesInProcess(ForkedBooter.java:115)
	at org.apache.maven.surefire.booter.ForkedBooter.main(ForkedBooter.java:75)
</error>
  </testcase>
</testsuite>